2017-12-14 09:54:20yuxi.Demo2.main(Demo2.java:44) Demo2.java INFO 插入狗狗信息成功!
2017-12-14 09:58:53yuxi.Demo1.main(Demo1.java:21) Demo1.java INFO 建立连接成功！
2017-12-14 10:29:47yuxi.Demo3.main(Demo3.java:29) Demo3.java ERROR com.mysql.jdbc.exceptions.jdbc4.MySQLSyntaxErrorException: You have an error in your SQL syntax; check the manual that corresponds to your MySQL server version for the right syntax to use near 'id=1' at line 1
2017-12-14 10:30:15yuxi.Demo3.main(Demo3.java:29) Demo3.java ERROR com.mysql.jdbc.exceptions.jdbc4.MySQLSyntaxErrorException: You have an error in your SQL syntax; check the manual that corresponds to your MySQL server version for the right syntax to use near 'id=1' at line 1
2017-12-14 10:30:49yuxi.Demo3.main(Demo3.java:27) Demo3.java INFO 成功更新狗狗信息！
2017-12-14 10:31:55yuxi.Demo3.main(Demo3.java:29) Demo3.java ERROR com.mysql.jdbc.exceptions.jdbc4.MySQLSyntaxErrorException: You have an error in your SQL syntax; check the manual that corresponds to your MySQL server version for the right syntax to use near 'id=2' at line 1
2017-12-14 10:32:18yuxi.Demo3.main(Demo3.java:29) Demo3.java ERROR com.mysql.jdbc.exceptions.jdbc4.MySQLSyntaxErrorException: You have an error in your SQL syntax; check the manual that corresponds to your MySQL server version for the right syntax to use near 'id=2' at line 1
2017-12-14 10:38:52yuxi.Demo3.main(Demo3.java:27) Demo3.java INFO 成功更新狗狗信息！
2017-12-14 10:39:11yuxi.Demo3.main(Demo3.java:29) Demo3.java ERROR com.mysql.jdbc.exceptions.jdbc4.MySQLSyntaxErrorException: You have an error in your SQL syntax; check the manual that corresponds to your MySQL server version for the right syntax to use near 'id=2' at line 1
2017-12-14 10:40:12yuxi.Demo3.main(Demo3.java:27) Demo3.java INFO 成功更新狗狗信息！
2017-12-14 10:40:32yuxi.Demo3.main(Demo3.java:27) Demo3.java INFO 成功更新狗狗信息！
2017-12-14 11:29:52yuxi.Demo5.main(Demo5.java:38) Demo5.java ERROR com.mysql.jdbc.exceptions.jdbc4.MySQLSyntaxErrorException: You have an error in your SQL syntax; check the manual that corresponds to your MySQL server version for the right syntax to use near 'where id=1' at line 1
2017-12-14 11:31:44yuxi.Demo5.main(Demo5.java:38) Demo5.java ERROR com.mysql.jdbc.exceptions.jdbc4.MySQLSyntaxErrorException: You have an error in your SQL syntax; check the manual that corresponds to your MySQL server version for the right syntax to use near 'where id=1' at line 1
2017-12-14 11:32:37yuxi.Demo5.main(Demo5.java:35) Demo5.java INFO 成功更新狗狗信息!
2017-12-14 12:23:59yuxi.Demo5.main(Demo5.java:39) Demo5.java ERROR java.sql.SQLException: No value specified for parameter 4
2017-12-14 12:24:55yuxi.Demo5.main(Demo5.java:39) Demo5.java ERROR java.sql.SQLException: No value specified for parameter 4
2017-12-14 12:25:08yuxi.Demo5.main(Demo5.java:37) Demo5.java INFO 成功更新狗狗信息!
2017-12-14 12:35:46yuxi.Demo3.main(Demo3.java:27) Demo3.java INFO 成功更新狗狗信息！
2017-12-14 16:04:39yuxi.Demo7.main(Demo7.java:38) Demo7.java INFO 成功更新狗狗信息!
2017-12-14 16:07:08yuxi.Demo7.main(Demo7.java:38) Demo7.java INFO 成功更新狗狗信息!
